e:\of_v0.9.8_vs_release\apps\myapps\assignment5part1\bin\assignment5part1_debug.lib
e:\of_v0.9.8_vs_release\apps\myapps\assignment5part1\bin\assignment5part1_debug.exp
e:\of_v0.9.8_vs_release\apps\myapps\assignment5part1\obj\debug\ofxbutton.obj
e:\of_v0.9.8_vs_release\apps\myapps\assignment5part1\obj\debug\ofxassimpmeshhelper.obj
e:\of_v0.9.8_vs_release\apps\myapps\assignment5part1\obj\debug\ofxguigroup.obj
e:\of_v0.9.8_vs_release\apps\myapps\assignment5part1\obj\debug\ofxslider.obj
e:\of_v0.9.8_vs_release\apps\myapps\assignment5part1\obj\debug\ofxassimptexture.obj
e:\of_v0.9.8_vs_release\apps\myapps\assignment5part1\obj\debug\ofxtoggle.obj
e:\of_v0.9.8_vs_release\apps\myapps\assignment5part1\obj\debug\ofxassimpanimation.obj
e:\of_v0.9.8_vs_release\apps\myapps\assignment5part1\obj\debug\ofxbasegui.obj
e:\of_v0.9.8_vs_release\apps\myapps\assignment5part1\obj\debug\ofxassimpmodelloader.obj
e:\of_v0.9.8_vs_release\apps\myapps\assignment5part1\obj\debug\ofxslidergroup.obj
e:\of_v0.9.8_vs_release\apps\myapps\assignment5part1\obj\debug\ofxpanel.obj
e:\of_v0.9.8_vs_release\apps\myapps\assignment5part1\obj\debug\ofxlabel.obj
e:\of_v0.9.8_vs_release\apps\myapps\assignment5part1\obj\debug\ofapp.obj
e:\of_v0.9.8_vs_release\apps\myapps\assignment5part1\obj\debug\main.obj
e:\of_v0.9.8_vs_release\apps\myapps\assignment5part1\obj\debug\vc140.pdb
e:\of_v0.9.8_vs_release\apps\myapps\assignment5part1\bin\assignment5part1_debug.ilk
e:\of_v0.9.8_vs_release\apps\myapps\assignment5part1\bin\assignment5part1_debug.exe
e:\of_v0.9.8_vs_release\apps\myapps\assignment5part1\bin\assignment5part1_debug.pdb
e:\of_v0.9.8_vs_release\apps\myapps\assignment5part1\obj\debug\icon.res
e:\of_v0.9.8_vs_release\apps\myapps\assignment5part1\obj\debug\assignment5part1.vcxprojresolveassemblyreference.cache
e:\of_v0.9.8_vs_release\apps\myapps\assignment5part1\obj\debug\assignment5part1.tlog\assignment5part1.write.1u.tlog
e:\of_v0.9.8_vs_release\apps\myapps\assignment5part1\obj\debug\assignment5part1.tlog\cl.command.1.tlog
e:\of_v0.9.8_vs_release\apps\myapps\assignment5part1\obj\debug\assignment5part1.tlog\cl.read.1.tlog
e:\of_v0.9.8_vs_release\apps\myapps\assignment5part1\obj\debug\assignment5part1.tlog\cl.write.1.tlog
e:\of_v0.9.8_vs_release\apps\myapps\assignment5part1\obj\debug\assignment5part1.tlog\link.command.1.tlog
e:\of_v0.9.8_vs_release\apps\myapps\assignment5part1\obj\debug\assignment5part1.tlog\link.read.1.tlog
e:\of_v0.9.8_vs_release\apps\myapps\assignment5part1\obj\debug\assignment5part1.tlog\link.write.1.tlog
e:\of_v0.9.8_vs_release\apps\myapps\assignment5part1\obj\debug\assignment5part1.tlog\rc.command.1.tlog
e:\of_v0.9.8_vs_release\apps\myapps\assignment5part1\obj\debug\assignment5part1.tlog\rc.read.1.tlog
e:\of_v0.9.8_vs_release\apps\myapps\assignment5part1\obj\debug\assignment5part1.tlog\rc.write.1.tlog
